<?xml version="1.0" encoding="UTF-8"?>
<!-- Generated by org.testng.reporters.JUnitReportReporter -->
<testsuite hostname="DESKTOP-3JIP3OF" name="com.testing.practice1.Adb" tests="1" failures="0" timestamp="5 Jun 2017 06:55:29 GMT" time="37.615" errors="0">
  <testcase name="testAdb" time="37.615" classname="com.testing.practice1.Adb"/>
</testsuite> <!-- com.testing.practice1.Adb -->
