<?xml version="1.0" encoding="UTF-8"?>
<!-- Generated by org.testng.reporters.JUnitReportReporter -->
<testsuite hostname="DESKTOP-3JIP3OF" name="com.java.TestNGPractice.Dependent" tests="3" failures="0" timestamp="6 Dec 2017 11:08:43 GMT" time="0.042" errors="0">
  <testcase name="SignIn" time="0.006" classname="com.java.TestNGPractice.Dependent"/>
  <testcase name="OpenBrowser" time="0.028" classname="com.java.TestNGPractice.Dependent"/>
  <testcase name="LogOut" time="0.008" classname="com.java.TestNGPractice.Dependent"/>
</testsuite> <!-- com.java.TestNGPractice.Dependent -->
