<?xml version="1.0" encoding="UTF-8"?>
<!-- Generated by org.testng.reporters.JUnitReportReporter -->
<testsuite hostname="DESKTOP-3JIP3OF" name="com.java.TestNGPractice.MultipleTest" tests="4" failures="0" timestamp="6 Dec 2017 11:35:35 GMT" time="0.034" errors="0">
  <testcase name="Four" time="0.004" classname="com.java.TestNGPractice.MultipleTest"/>
  <testcase name="One" time="0.022" classname="com.java.TestNGPractice.MultipleTest"/>
  <testcase name="Three" time="0.004" classname="com.java.TestNGPractice.MultipleTest"/>
  <testcase name="Two" time="0.004" classname="com.java.TestNGPractice.MultipleTest"/>
</testsuite> <!-- com.java.TestNGPractice.MultipleTest -->
