<?xml version="1.0" encoding="UTF-8"?>
<!-- Generated by org.testng.reporters.JUnitReportReporter -->
<testsuite hostname="DESKTOP-3JIP3OF" name="com.test.DragNDropExample" tests="1" failures="0" timestamp="17 Oct 2016 09:19:13 GMT" time="39.715" errors="0">
  <testcase name="testDragAndDropExample" time="39.715" classname="com.test.DragNDropExample"/>
</testsuite> <!-- com.test.DragNDropExample -->
