<?xml version="1.0" encoding="UTF-8"?>
<!-- Generated by org.testng.reporters.JUnitReportReporter -->
<testsuite hostname="DESKTOP-3JIP3OF" name="com.testing.practice1.FindBrokenImages" tests="1" failures="0" timestamp="18 Oct 2016 05:43:48 GMT" time="1.009" errors="0">
  <testcase name="validateInvalidImages" time="1.009" classname="com.testing.practice1.FindBrokenImages"/>
</testsuite> <!-- com.testing.practice1.FindBrokenImages -->
