<?xml version="1.0" encoding="UTF-8"?>
<!-- Generated by org.testng.reporters.JUnitReportReporter -->
<testsuite hostname="DESKTOP-3JIP3OF" name="com.testing.DragsliderExample" tests="1" failures="0" timestamp="17 Oct 2016 10:22:34 GMT" time="31.056" errors="0">
  <testcase name="testDragAndDropExample" time="31.056" classname="com.testing.DragsliderExample"/>
</testsuite> <!-- com.testing.DragsliderExample -->
