<?xml version="1.0" encoding="UTF-8"?>
<!-- Generated by org.testng.reporters.JUnitReportReporter -->
<testsuite hostname="DESKTOP-3JIP3OF" name="com.java.TestNGPractice.Sequencing" tests="2" failures="0" timestamp="6 Dec 2017 10:42:02 GMT" time="0.042" errors="0">
  <testcase name="testCase1" time="0.031" classname="com.java.TestNGPractice.Sequencing"/>
  <testcase name="testCase2" time="0.011" classname="com.java.TestNGPractice.Sequencing"/>
</testsuite> <!-- com.java.TestNGPractice.Sequencing -->
