<?xml version="1.0" encoding="UTF-8"?>
<!-- Generated by org.testng.reporters.JUnitReportReporter -->
<testsuite hostname="DESKTOP-3JIP3OF" name="com.test.RecordingTestcase" tests="1" failures="0" timestamp="14 Oct 2016 14:38:52 GMT" time="4.634" errors="0">
  <testcase name="getScrollStatus" time="4.634" classname="com.test.RecordingTestcase"/>
</testsuite> <!-- com.test.RecordingTestcase -->
