<?xml version="1.0" encoding="UTF-8"?>
<!-- Generated by org.testng.reporters.JUnitReportReporter -->
<testsuite hostname="DESKTOP-3JIP3OF" name="com.testing.practice1.ResizeExample" tests="1" failures="0" timestamp="18 Oct 2016 05:53:45 GMT" time="14.554" errors="0">
  <testcase name="testToResizeElement" time="14.554" classname="com.testing.practice1.ResizeExample"/>
</testsuite> <!-- com.testing.practice1.ResizeExample -->
