<?xml version="1.0" encoding="UTF-8"?>
<!-- Generated by org.testng.reporters.JUnitReportReporter -->
<testsuite hostname="DESKTOP-3JIP3OF" name="com.testing.practice1.VerifyTitle" tests="1" failures="0" timestamp="19 Oct 2016 14:41:06 GMT" time="36.113" errors="0">
  <testcase name="verifySeleniumTitle" time="36.113" classname="com.testing.practice1.VerifyTitle"/>
</testsuite> <!-- com.testing.practice1.VerifyTitle -->
