<?xml version="1.0" encoding="UTF-8"?>
<!-- Generated by org.testng.reporters.JUnitReportReporter -->
<testsuite hostname="DESKTOP-3JIP3OF" name="com.testing.practice.DatabaseTesingDemo" tests="1" failures="0" timestamp="22 Oct 2016 13:00:09 GMT" time="0.012" errors="0">
  <testcase name="testdata" time="0.012" classname="com.testing.practice.DatabaseTesingDemo"/>
</testsuite> <!-- com.testing.practice.DatabaseTesingDemo -->
