<?xml version="1.0" encoding="UTF-8"?>
<!-- Generated by org.testng.reporters.JUnitReportReporter -->
<testsuite hostname="DESKTOP-3JIP3OF" name="com.testing.DragNDropExample" tests="1" failures="0" timestamp="17 Oct 2016 09:41:24 GMT" time="55.616" errors="0">
  <testcase name="testDragAndDropExample" time="55.616" classname="com.testing.DragNDropExample"/>
</testsuite> <!-- com.testing.DragNDropExample -->
