<?xml version="1.0" encoding="UTF-8"?>
<!-- Generated by org.testng.reporters.JUnitReportReporter -->
<testsuite hostname="DESKTOP-3JIP3OF" name="com.test.DatabaseTesingDemo" tests="1" failures="0" timestamp="27 Sep 2016 06:03:56 GMT" time="0.414" errors="0">
  <testcase name="testdata" time="0.414" classname="com.test.DatabaseTesingDemo"/>
</testsuite> <!-- com.test.DatabaseTesingDemo -->
