<?xml version="1.0" encoding="UTF-8"?>
<!-- Generated by org.testng.reporters.JUnitReportReporter -->
<testsuite hostname="DESKTOP-3JIP3OF" name="com.testing.practice1.TestNGDemo_App" tests="3" failures="0" timestamp="28 Jun 2017 11:49:25 GMT" time="31.826" errors="0">
  <testcase name="StartApp" time="15.399" classname="com.testing.practice1.TestNGDemo_App"/>
  <testcase name="LoginApp" time="7.971" classname="com.testing.practice1.TestNGDemo_App"/>
  <testcase name="LogoutApp" time="8.456" classname="com.testing.practice1.TestNGDemo_App"/>
</testsuite> <!-- com.testing.practice1.TestNGDemo_App -->
