<?xml version="1.0" encoding="UTF-8"?>
<!-- Generated by org.testng.reporters.JUnitReportReporter -->
<testsuite hostname="DESKTOP-3JIP3OF" name="com.testing.practice1.PickDate" tests="1" failures="0" timestamp="28 Mar 2018 14:33:47 GMT" time="17.337" errors="0">
  <testcase name="pickExpDate" time="17.337" classname="com.testing.practice1.PickDate"/>
</testsuite> <!-- com.testing.practice1.PickDate -->
