<?xml version="1.0" encoding="UTF-8"?>
<!-- Generated by org.testng.reporters.JUnitReportReporter -->
<testsuite hostname="DESKTOP-3JIP3OF" name="com.testing.AutoCompleteExample" tests="1" failures="0" timestamp="17 Oct 2016 10:41:14 GMT" time="8.025" errors="0">
  <testcase name="rightClickTest" time="8.025" classname="com.testing.AutoCompleteExample"/>
</testsuite> <!-- com.testing.AutoCompleteExample -->
