<?xml version="1.0" encoding="UTF-8"?>
<!-- Generated by org.testng.reporters.JUnitReportReporter -->
<testsuite hostname="DESKTOP-3JIP3OF" name="com.java.date.ReadJsonObject" tests="1" failures="0" timestamp="14 Mar 2017 13:49:51 GMT" time="0.500" errors="0">
  <testcase name="apiTesting" time="0.500" classname="com.java.date.ReadJsonObject"/>
</testsuite> <!-- com.java.date.ReadJsonObject -->
